[10:39:21] [main/INFO]: Loading Minecraft 1.21.6 with Fabric Loader 0.18.4
[10:39:21] [main/INFO]: Loading 48 mods:
	- fabric-api 0.128.2+1.21.6
	   |-- fabric-api-lookup-api-v1 1.6.100+946bf4c396
	   |-- fabric-biome-api-v1 16.0.11+946bf4c396
	   |-- fabric-block-api-v1 1.1.3+946bf4c396
	   |-- fabric-block-view-api-v2 1.0.31+946bf4c396
	   |-- fabric-command-api-v2 2.2.53+946bf4c396
	   |-- fabric-content-registries-v0 10.0.18+946bf4c396
	   |-- fabric-convention-tags-v1 2.1.38+7f945d5b96
	   |-- fabric-convention-tags-v2 2.15.3+946bf4c396
	   |-- fabric-crash-report-info-v1 0.3.15+946bf4c396
	   |-- fabric-data-attachment-api-v1 1.8.10+946bf4c396
	   |-- fabric-data-generation-api-v1 23.2.3+c265f73696
	   |-- fabric-dimensions-v1 4.0.19+946bf4c396
	   |-- fabric-entity-events-v1 2.1.1+c9e4727396
	   |-- fabric-events-interaction-v0 4.0.23+946bf4c396
	   |-- fabric-game-rule-api-v1 1.0.73+12a186f696
	   |-- fabric-item-api-v1 11.4.3+946bf4c396
	   |-- fabric-item-group-api-v1 4.2.13+946bf4c396
	   |-- fabric-key-binding-api-v1 1.0.65+946bf4c396
	   |-- fabric-lifecycle-events-v1 2.6.3+db4dfd8596
	   |-- fabric-loot-api-v2 3.0.55+3f89f5a596
	   |-- fabric-loot-api-v3 2.0.2+946bf4c396
	   |-- fabric-message-api-v1 6.1.1+946bf4c396
	   |-- fabric-model-loading-api-v1 5.2.5+946bf4c396
	   |-- fabric-object-builder-api-v1 21.1.7+946bf4c396
	   |-- fabric-particles-v1 4.1.7+946bf4c396
	   |-- fabric-recipe-api-v1 8.1.14+946bf4c396
	   |-- fabric-registry-sync-v0 6.1.27+946bf4c396
	   |-- fabric-renderer-api-v1 7.0.2+946bf4c396
	   |-- fabric-renderer-indigo 4.0.2+946bf4c396
	   |-- fabric-rendering-fluids-v1 3.1.30+fa6cb72b96
	   |-- fabric-rendering-v1 12.4.0+e8d43c7696
	   |-- fabric-resource-conditions-api-v1 5.0.24+946bf4c396
	   |-- fabric-screen-api-v1 2.0.51+946bf4c396
	   |-- fabric-screen-handler-api-v1 1.3.136+946bf4c396
	   |-- fabric-sound-api-v1 1.0.42+946bf4c396
	   |-- fabric-tag-api-v1 1.2.1+946bf4c396
	   |-- fabric-transfer-api-v1 6.0.5+946bf4c396
	   \-- fabric-transitive-access-wideners-v1 6.4.1+ac3e15d196
	- fabricloader 0.18.4
	   \-- mixinextras 0.5.0
	- itemscroller 0.28.5
	- java 21
	- malilib 0.25.7
	   |-- fabric-api-base 0.5.0+cd8c0daa2c
	   |-- fabric-networking-api-v1 5.1.0+57cb96dd2c
	   \-- fabric-resource-loader-v0 3.1.12+020423442c
	- minecraft 1.21.6
[10:39:21] [main/INFO]: SpongePowered MIXIN Subsystem Version=0.8.7 Source=file:/Users/qqhou/Documents/Minecraft/%e5%90%af%e5%8a%a8%e5%99%a8/.minecraft/libraries/net/fabricmc/sponge-mixin/0.17.0+mixin.0.8.7/sponge-mixin-0.17.0+mixin.0.8.7.jar Service=Knot/Fabric Env=CLIENT
[10:39:21] [main/INFO]: Compatibility level set to JAVA_21
[10:39:22] [main/INFO]: Initializing MixinExtras via com.llamalad7.mixinextras.service.MixinExtrasServiceImpl(version=0.5.0).
[10:39:22] [Datafixer Bootstrap/INFO]: 269 Datafixer optimizations took 184 milliseconds
[10:39:25] [main/INFO]: Sodium: [N/F], Iris: [N/F]
[10:39:25] [Render thread/INFO]: Environment: Environment[sessionHost=https://sessionserver.mojang.com, servicesHost=https://api.minecraftservices.com, name=PROD]
[10:39:25] [Render thread/INFO]: Setting user: Hou_Samuel
[10:39:25] [Render thread/INFO]: [Indigo] Registering Indigo renderer!
[10:39:25] [Render thread/INFO]: Backend library: LWJGL version 3.3.3-snapshot
[10:39:26] [Render thread/INFO]: Using optional rendering extensions: 
[10:39:26] [Render thread/WARN]: onRegisterSpecialGuiRenderer():
[10:39:27] [Render thread/INFO]: Reloading ResourceManager: vanilla, fabric, fabric-api, fabric-api-base, fabric-api-lookup-api-v1, fabric-biome-api-v1, fabric-block-api-v1, fabric-block-view-api-v2, fabric-command-api-v2, fabric-content-registries-v0, fabric-convention-tags-v1, fabric-convention-tags-v2, fabric-crash-report-info-v1, fabric-data-attachment-api-v1, fabric-data-generation-api-v1, fabric-dimensions-v1, fabric-entity-events-v1, fabric-events-interaction-v0, fabric-game-rule-api-v1, fabric-item-api-v1, fabric-item-group-api-v1, fabric-key-binding-api-v1, fabric-lifecycle-events-v1, fabric-loot-api-v2, fabric-loot-api-v3, fabric-message-api-v1, fabric-model-loading-api-v1, fabric-networking-api-v1, fabric-object-builder-api-v1, fabric-particles-v1, fabric-recipe-api-v1, fabric-registry-sync-v0, fabric-renderer-api-v1, fabric-renderer-indigo, fabric-rendering-fluids-v1, fabric-rendering-v1, fabric-resource-conditions-api-v1, fabric-resource-loader-v0, fabric-screen-api-v1, fabric-screen-handler-api-v1, fabric-sound-api-v1, fabric-tag-api-v1, fabric-transfer-api-v1, fabric-transitive-access-wideners-v1, fabricloader, itemscroller, malilib
[10:39:27] [Worker-Main-7/INFO]: Found unifont_all_no_pua-16.0.03.hex, loading
[10:39:27] [Worker-Main-5/INFO]: Found unifont_pua-16.0.03.hex, loading
[10:39:27] [Worker-Main-7/INFO]: Found unifont_jp_patch-16.0.03.hex, loading
[10:39:28] [Render thread/INFO]: OpenAL initialized on device Mac mini扬声器
[10:39:28] [Render thread/INFO]: Sound engine started
[10:39:28] [Render thread/INFO]: Created: 1024x512x4 minecraft:textures/atlas/blocks.png-atlas
[10:39:28] [Render thread/INFO]: Created: 256x256x4 minecraft:textures/atlas/signs.png-atlas
[10:39:28] [Render thread/INFO]: Created: 512x512x4 minecraft:textures/atlas/banner_patterns.png-atlas
[10:39:28] [Render thread/INFO]: Created: 512x512x4 minecraft:textures/atlas/shield_patterns.png-atlas
[10:39:28] [Render thread/INFO]: Created: 2048x1024x4 minecraft:textures/atlas/armor_trims.png-atlas
[10:39:28] [Render thread/INFO]: Created: 256x256x4 minecraft:textures/atlas/chest.png-atlas
[10:39:28] [Render thread/INFO]: Created: 128x64x4 minecraft:textures/atlas/decorated_pot.png-atlas
[10:39:28] [Render thread/INFO]: Created: 512x256x4 minecraft:textures/atlas/beds.png-atlas
[10:39:28] [Render thread/INFO]: Created: 512x256x4 minecraft:textures/atlas/shulker_boxes.png-atlas
[10:39:28] [Render thread/INFO]: Created: 64x64x0 minecraft:textures/atlas/map_decorations.png-atlas
[10:39:28] [Render thread/INFO]: Created: 512x256x0 minecraft:textures/atlas/particles.png-atlas
[10:39:28] [Render thread/INFO]: Created: 512x256x0 minecraft:textures/atlas/paintings.png-atlas
[10:39:28] [Render thread/INFO]: Created: 1024x512x0 minecraft:textures/atlas/gui.png-atlas
[10:39:32] [Render thread/INFO]: Loaded 1407 recipes
[10:39:32] [Render thread/INFO]: Loaded 1520 advancements
[10:39:32] [Render thread/INFO]: Applied 0 biome modifications to 0 of 65 new biomes in 568.5 μs
[10:39:32] [Server thread/INFO]: Starting integrated minecraft server version 1.21.6
[10:39:32] [Server thread/INFO]: Generating keypair
[10:39:32] [Server thread/INFO]: Preparing start region for dimension minecraft:overworld
[10:39:32] [Render thread/INFO]: 准备生成区域中：0%
[10:39:32] [Render thread/INFO]: Time elapsed: 133 ms
[10:39:32] [Server thread/INFO]: Changing view distance to 12, from 10
[10:39:32] [Server thread/INFO]: Changing simulation distance to 12, from 0
[10:39:33] [Server thread/INFO]: Hou_Samuel[local:E:e9e49e12] logged in with entity id 1 at (-3.681904056580652, 56.0, 9.75350285769124)
[10:39:33] [Server thread/INFO]: Hou_Samuel加入了游戏
[10:39:33] [Render thread/WARN]: readFromDisk(): Error reading recipes saveDir '/Users/qqhou/Documents/Minecraft/启动器/.minecraft/versions/1.21.6-Fabric111/itemscroller'
[10:39:33] [Render thread/WARN]: readFromDisk(): Error reading villager data from dir '/Users/qqhou/Documents/Minecraft/启动器/.minecraft/versions/1.21.6-Fabric111/itemscroller'
[10:39:33] [Render thread/INFO]: Loaded 7 advancements
[10:39:33] [Render thread/INFO]: Resizing Dynamic Transforms UBO, capacity limit of 2 reached during a single frame. New capacity will be 4.
[10:39:33] [Render thread/INFO]: Resizing Dynamic Transforms UBO, capacity limit of 4 reached during a single frame. New capacity will be 8.
[10:39:33] [Render thread/INFO]: Resizing Dynamic Transforms UBO, capacity limit of 8 reached during a single frame. New capacity will be 16.
[10:39:33] [Render thread/INFO]: Resizing Dynamic Transforms UBO, capacity limit of 16 reached during a single frame. New capacity will be 32.
[10:39:33] [Render thread/INFO]: Resizing Dynamic Transforms UBO, capacity limit of 32 reached during a single frame. New capacity will be 64.
[10:39:33] [Render thread/INFO]: Resizing Dynamic Transforms UBO, capacity limit of 64 reached during a single frame. New capacity will be 128.
[10:39:40] [Render thread/INFO]: Resizing Dynamic Transforms UBO, capacity limit of 128 reached during a single frame. New capacity will be 256.
[10:39:48] [Render thread/ERROR]: Reported exception thrown!
net.minecraft.class_148: mouseReleased event handler
	at knot/net.minecraft.class_312.method_1601(class_312.java:144) ~[client-intermediary.jar:?]
	at knot/net.minecraft.class_312.method_22686(class_312.java:226) ~[client-intermediary.jar:?]
	at knot/net.minecraft.class_1255.execute(class_1255.java:110) ~[client-intermediary.jar:?]
	at knot/net.minecraft.class_312.method_22684(class_312.java:226) ~[client-intermediary.jar:?]
	at knot/org.lwjgl.glfw.GLFWMouseButtonCallbackI.callback(GLFWMouseButtonCallbackI.java:43) ~[lwjgl-glfw-3.3.3.jar:?]
	at knot/org.lwjgl.system.JNI.invokeV(Native Method) ~[lwjgl-3.3.3.jar:?]
	at knot/org.lwjgl.glfw.GLFW.glfwPollEvents(GLFW.java:3438) ~[lwjgl-glfw-3.3.3.jar:?]
	at knot/com.mojang.blaze3d.systems.RenderSystem.pollEvents(RenderSystem.java:148) ~[client-intermediary.jar:?]
	at knot/com.mojang.blaze3d.systems.RenderSystem.flipFrame(RenderSystem.java:170) ~[client-intermediary.jar:?]
	at knot/net.minecraft.class_1041.method_15998(class_1041.java:308) ~[client-intermediary.jar:?]
	at knot/net.minecraft.class_310.method_1523(class_310.java:1380) ~[client-intermediary.jar:?]
	at knot/net.minecraft.class_310.method_1514(class_310.java:947) [client-intermediary.jar:?]
	at knot/net.minecraft.client.main.Main.main(Main.java:265) [client-intermediary.jar:?]
	at net.fabricmc.loader.impl.game.minecraft.MinecraftGameProvider.launch(MinecraftGameProvider.java:514) [fabric-loader-0.18.4.jar:?]
	at net.fabricmc.loader.impl.launch.knot.Knot.launch(Knot.java:72) [fabric-loader-0.18.4.jar:?]
	at net.fabricmc.loader.impl.launch.knot.KnotClient.main(KnotClient.java:23) [fabric-loader-0.18.4.jar:?]
Caused by: java.lang.IllegalArgumentException: Failed to hash minecraft:map_post_processing=>SCALE: Component of type minecraft:map_post_processing is not encodable
	at knot/net.minecraft.class_634.method_68825(class_634.java:464) ~[client-intermediary.jar:?]
	at knot/com.mojang.serialization.DataResult$Error.getOrThrow(DataResult.java:287) ~[datafixerupper-8.0.16.jar:?]
	at knot/net.minecraft.class_634.method_68824(class_634.java:464) ~[client-intermediary.jar:?]
	at knot/net.minecraft.class_10936.method_68847(class_10936.java:32) ~[client-intermediary.jar:?]
	at java.base/java.lang.Iterable.forEach(Iterable.java:75) ~[?:?]
	at knot/net.minecraft.class_10936.method_68848(class_10936.java:32) ~[client-intermediary.jar:?]
	at knot/net.minecraft.class_10938.method_68853(class_10938.java:69) ~[client-intermediary.jar:?]
	at knot/net.minecraft.class_636.method_2906(class_636.java:468) ~[client-intermediary.jar:?]
	at knot/net.minecraft.class_465.method_2383(class_465.java:602) ~[client-intermediary.jar:?]
	at knot/net.minecraft.class_10260.method_2383(class_10260.java:122) ~[client-intermediary.jar:?]
	at knot/net.minecraft.class_465.method_25406(class_465.java:546) ~[client-intermediary.jar:?]
	at knot/net.minecraft.class_312.mixinextras$bridge$method_25406$42(class_312.java) ~[client-intermediary.jar:?]
	at knot/net.minecraft.class_312.wrapOperation$zoe000$fabric-screen-api-v1$invokeMousePressedEvents(class_312.java:568) ~[client-intermediary.jar:?]
	at knot/net.minecraft.class_312.method_1601(class_312.java:133) ~[client-intermediary.jar:?]
	... 15 more
[10:39:49] [Server thread/INFO]: Stopping server
[10:39:49] [Server thread/INFO]: Saving players
[10:39:49] [Server thread/INFO]: Saving worlds
[10:39:49] [Server thread/INFO]: Saving chunks for level 'ServerLevel[新的世界]'/minecraft:overworld
[10:39:49] [Server thread/INFO]: Saving chunks for level 'ServerLevel[新的世界]'/minecraft:the_end
[10:39:49] [Server thread/INFO]: Saving chunks for level 'ServerLevel[新的世界]'/minecraft:the_nether
[10:39:49] [Server thread/INFO]: ThreadedAnvilChunkStorage (新的世界): All chunks are saved
[10:39:49] [Server thread/INFO]: ThreadedAnvilChunkStorage (DIM1): All chunks are saved
[10:39:49] [Server thread/INFO]: ThreadedAnvilChunkStorage (DIM-1): All chunks are saved
[10:39:49] [Server thread/INFO]: ThreadedAnvilChunkStorage: All dimensions are saved
